{"logTime": "1121/000121", "correlationVector":"5QsCI9qVUZ33fCgmDeNv7y.1","action":"SyncServerConnectionManagerRequest", "result":"SYNC_SERVER_OK", "context":{"environment":"Prod_EastUS2_000e", "migrationStage":"NotStarted", "server":"GENERAL01000005"}}
{"logTime": "1121/000123", "correlationVector":"5QsCI9qVUZ33fCgmDeNv7y.2","action":"AAD.Mip.Unpack", "result":"Success", "context":MIP_CLOUD_COMMERCIAL:Success}
{"logTime": "1121/000123", "correlationVector":"5QsCI9qVUZ33fCgmDeNv7y.3","action":"AAD.GetKeyResponse", "result":"Success", "context":Keys=2.LastKeyStatus=Normal. 2024-11-09 19:03:42 -06.State=None. Tags: Current_encryption_keys_tag = GAg/77+977+9be+/vSc2De+/vVLvv70GSu+/ve+/ve+/ve+/vQnvv70f77+9JzYOE++/vXzvv73vv73vv70=, Updated_current_encryption_keys_tag = Empty}
{"logTime": "1121/000123", "correlationVector":"5QsCI9qVUZ33fCgmDeNv7y","action":"Initial GetUpdates", "result":"", "context":Reason: NEW_CLIENT. cV=5QsCI9qVUZ33fCgmDeNv7y}
{"logTime": "1121/000123", "correlationVector":"5QsCI9qVUZ33fCgmDeNv7y.4","action":"GetUpdates Response", "result":"Success", "context":Received 1 update(s). cV=5QsCI9qVUZ33fCgmDeNv7y.0;server=GENERAL01000005;cloudType=Multitenant;environment=Prod_EastUS2_000e;migrationStage=NotStarted}
{"logTime": "1121/000123", "correlationVector":"5+m/yLLvKS4JKMI8XejqfY","action":"Initial GetUpdates", "result":"", "context":Reason: NEW_CLIENT. cV=5+m/yLLvKS4JKMI8XejqfY}
{"logTime": "1121/000123", "correlationVector":"5+m/yLLvKS4JKMI8XejqfY.1","action":"SyncServerConnectionManagerRequest", "result":"SYNC_SERVER_OK", "context":{"environment":"Prod_EastUS2_000e", "migrationStage":"NotStarted", "server":"GENERAL0100001Z"}}
{"logTime": "1121/000123", "correlationVector":"5+m/yLLvKS4JKMI8XejqfY.2","action":"GetUpdates Response", "result":"Success", "context":Received 44 update(s). cV=5+m/yLLvKS4JKMI8XejqfY.0;server=GENERAL0100001Z;cloudType=Multitenant;environment=Prod_EastUS2_000e;migrationStage=NotStarted}
{"logTime": "1121/000123", "correlationVector":"dFIUQ4QVWEVt11Pki/CdME","action":"Initial GetUpdates", "result":"", "context":Reason: NEW_CLIENT. cV=dFIUQ4QVWEVt11Pki/CdME}
{"logTime": "1121/000124", "correlationVector":"dFIUQ4QVWEVt11Pki/CdME.1","action":"SyncServerConnectionManagerRequest", "result":"SYNC_SERVER_OK", "context":{"environment":"Prod_EastUS2_000e", "migrationStage":"NotStarted", "server":"GENERAL0100000V"}}
{"logTime": "1121/000124", "correlationVector":"dFIUQ4QVWEVt11Pki/CdME.2","action":"GetUpdates Response", "result":"Success", "context":Received 8 update(s). cV=dFIUQ4QVWEVt11Pki/CdME.0;server=GENERAL0100000V;cloudType=Multitenant;environment=Prod_EastUS2_000e;migrationStage=NotStarted}
{"logTime": "1121/000124", "correlationVector":"QOQyyp1lfv1lXyRN5y34xf","action":"Initial GetUpdates", "result":"", "context":Reason: NEW_CLIENT. cV=QOQyyp1lfv1lXyRN5y34xf}
{"logTime": "1121/000125", "correlationVector":"QOQyyp1lfv1lXyRN5y34xf.1","action":"SyncServerConnectionManagerRequest", "result":"SYNC_SERVER_OK", "context":{"environment":"Prod_EastUS2_000e", "migrationStage":"NotStarted", "server":"GENERAL0100000W"}}
{"logTime": "1121/000125", "correlationVector":"QOQyyp1lfv1lXyRN5y34xf.2","action":"GetUpdates Response", "result":"Success", "context":Received 15 update(s). cV=QOQyyp1lfv1lXyRN5y34xf.0;server=GENERAL0100000W;cloudType=Multitenant;environment=Prod_EastUS2_000e;migrationStage=NotStarted}
{"logTime": "1121/000125", "correlationVector":"WowqYdVi/7sM05dpv94hv8","action":"Normal GetUpdate request", "result":"", "context":cV=WowqYdVi/7sM05dpv94hv8
Nudged types: Sessions, Device Info, User Consents
Refresh requested types: Bookmarks, Preferences, Passwords, Autofill Profiles, Autofill, Typed URLs, Extensions, Sessions, Extension settings, History Delete Directives, Device Info, User Consents, Send Tab To Self, Web Apps, Collection, Edge E Drop, Edge Hub App Usage, Edge Tab Group, Edge Wallet, Encryption Keys}
{"logTime": "1121/000125", "correlationVector":"WowqYdVi/7sM05dpv94hv8.1","action":"SyncServerConnectionManagerRequest", "result":"SYNC_SERVER_OK", "context":{"environment":"Prod_EastUS2_000e", "migrationStage":"NotStarted", "server":"GENERAL0100001X"}}
{"logTime": "1121/000125", "correlationVector":"WowqYdVi/7sM05dpv94hv8.2","action":"GetUpdates Response", "result":"Success", "context":Received 0 update(s). cV=WowqYdVi/7sM05dpv94hv8.0;server=GENERAL0100001X;cloudType=Multitenant;environment=Prod_EastUS2_000e;migrationStage=NotStarted}
{"logTime": "1121/000125", "correlationVector":"hRiapGysmRzFHTpW7KXTmg","action":"DoCompareDataConsistency requsted types: ", "result":"Bookmarks, Preferences, Passwords, Typed URLs, Extensions, Extension settings, History Delete Directives, Send Tab To Self, Web Apps, Collection, Edge E Drop, Edge Tab Group, Edge Wallet, Encryption Keys"}
{"logTime": "1121/000125", "correlationVector":"hRiapGysmRzFHTpW7KXTmg.0","action":"CompareDataConsistency result: ", "result":"Compare result: Encryption Keys is consistent. local entities count is: 1 local entities hash is: k4R23DvBGivnfPUmo2ujrPZ4bB8="}
{"logTime": "1121/000125", "correlationVector":"hRiapGysmRzFHTpW7KXTmg.1","action":"CompareDataConsistency result: ", "result":"Compare result: Bookmarks is consistent. local entities count is: 6 local entities hash is: WCxn4EWw2TlZNt5v1Mhb/iSbwfA="}
{"logTime": "1121/000125", "correlationVector":"hRiapGysmRzFHTpW7KXTmg.2","action":"CompareDataConsistency result: ", "result":"Compare result: Preferences is consistent. local entities count is: 34 local entities hash is: fyy1S65Zy/dApIxvMfmtr8bsfEA="}
{"logTime": "1121/000125", "correlationVector":"hRiapGysmRzFHTpW7KXTmg.3","action":"CompareDataConsistency result: ", "result":"Compare result: Passwords is consistent. local entities count is: 2 local entities hash is: dMLXhvQM76wIkDBzoGfkk/bSqkw="}
{"logTime": "1121/000125", "correlationVector":"hRiapGysmRzFHTpW7KXTmg.4","action":"CompareDataConsistency result: ", "result":"Server did not send this Typed URLs local entities count is: 0 local entities hash is: "}
{"logTime": "1121/000125", "correlationVector":"hRiapGysmRzFHTpW7KXTmg.5","action":"CompareDataConsistency result: ", "result":"Compare result: Extensions is consistent. local entities count is: 0 local entities hash is: "}
{"logTime": "1121/000125", "correlationVector":"hRiapGysmRzFHTpW7KXTmg.6","action":"CompareDataConsistency result: ", "result":"Compare result: Extension settings is consistent. local entities count is: 0 local entities hash is: "}
{"logTime": "1121/000125", "correlationVector":"hRiapGysmRzFHTpW7KXTmg.7","action":"CompareDataConsistency result: ", "result":"Compare result: History Delete Directives is consistent. local entities count is: 0 local entities hash is: "}
{"logTime": "1121/000125", "correlationVector":"hRiapGysmRzFHTpW7KXTmg.8","action":"CompareDataConsistency result: ", "result":"Server did not send this Send Tab To Self local entities count is: 0 local entities hash is: "}
{"logTime": "1121/000125", "correlationVector":"hRiapGysmRzFHTpW7KXTmg.9","action":"CompareDataConsistency result: ", "result":"Compare result: Web Apps is consistent. local entities count is: 0 local entities hash is: "}
{"logTime": "1121/000125", "correlationVector":"hRiapGysmRzFHTpW7KXTmg.10","action":"CompareDataConsistency result: ", "result":"Compare result: Collection is consistent. local entities count is: 0 local entities hash is: "}
{"logTime": "1121/000125", "correlationVector":"hRiapGysmRzFHTpW7KXTmg.11","action":"CompareDataConsistency result: ", "result":"Compare result: Edge E Drop is consistent. local entities count is: 0 local entities hash is: "}
{"logTime": "1121/000125", "correlationVector":"hRiapGysmRzFHTpW7KXTmg.12","action":"CompareDataConsistency result: ", "result":"Compare result: Edge Tab Group is consistent. local entities count is: 0 local entities hash is: "}
{"logTime": "1121/000125", "correlationVector":"hRiapGysmRzFHTpW7KXTmg.13","action":"CompareDataConsistency result: ", "result":"Compare result: Edge Wallet is consistent. local entities count is: 0 local entities hash is: "}
{"logTime": "1121/000125", "correlationVector":"8HNblT72VTXnYMY8fXqpmb","action":"Commit Request", "result":"", "context":Item count: 5
Contributing types: Sessions, Device Info, User Consents}
{"logTime": "1121/000126", "correlationVector":"8HNblT72VTXnYMY8fXqpmb.1","action":"SyncServerConnectionManagerRequest", "result":"SYNC_SERVER_OK", "context":{"environment":"Prod_EastUS2_000e", "migrationStage":"NotStarted", "server":"GENERAL0100002O"}}
{"logTime": "1121/000126", "correlationVector":"8HNblT72VTXnYMY8fXqpmb.2","action":"Commit Response", "result":"Success", "context":Result: Success. cV=8HNblT72VTXnYMY8fXqpmb.0;server=GENERAL0100002O;cloudType=Multitenant;environment=Prod_EastUS2_000e;migrationStage=NotStarted}
{"logTime": "1121/000128", "correlationVector":"","action":"DIAGNOSTIC_REQUEST|v1/diagnosticData/Diagnostic.SendCheckResult()|SUCCESS", "result":""}
{"logTime": "1121/000302", "correlationVector":"K/u+XIdCqXfxNjqld/m9Td","action":"Commit Request", "result":"", "context":Item count: 1
Contributing types: Sessions}
{"logTime": "1121/000302", "correlationVector":"K/u+XIdCqXfxNjqld/m9Td.1","action":"SyncServerConnectionManagerRequest", "result":"SYNC_SERVER_OK", "context":{"environment":"Prod_EastUS2_000e", "migrationStage":"NotStarted", "server":"GENERAL0100002G"}}
{"logTime": "1121/000302", "correlationVector":"K/u+XIdCqXfxNjqld/m9Td.2","action":"Commit Response", "result":"Success", "context":Result: Success. cV=K/u+XIdCqXfxNjqld/m9Td.0;server=GENERAL0100002G;cloudType=Multitenant;environment=Prod_EastUS2_000e;migrationStage=NotStarted}
{"logTime": "1121/000505", "correlationVector":"qbaI21Q/0RsA48jVsFzK6w","action":"Commit Request", "result":"", "context":Item count: 1
Contributing types: Sessions}
{"logTime": "1121/000506", "correlationVector":"qbaI21Q/0RsA48jVsFzK6w.1","action":"SyncServerConnectionManagerRequest", "result":"SYNC_SERVER_OK", "context":{"environment":"Prod_EastUS2_000e", "migrationStage":"NotStarted", "server":"GENERAL0100002P"}}
{"logTime": "1121/000506", "correlationVector":"qbaI21Q/0RsA48jVsFzK6w.2","action":"Commit Response", "result":"Success", "context":Result: Success. cV=qbaI21Q/0RsA48jVsFzK6w.0;server=GENERAL0100002P;cloudType=Multitenant;environment=Prod_EastUS2_000e;migrationStage=NotStarted}
{"logTime": "1121/001340", "correlationVector":"C9la4Mv/jeGKvoIHC1TDLc.1","action":"SyncServerConnectionManagerRequest", "result":"SYNC_SERVER_OK", "context":{"environment":"Prod_EastUS2_000e", "migrationStage":"NotStarted", "server":"GENERAL0100002B"}}
{"logTime": "1121/001347", "correlationVector":"C9la4Mv/jeGKvoIHC1TDLc.2","action":"AAD.Mip.Unpack", "result":"Success", "context":MIP_CLOUD_COMMERCIAL:Success}
{"logTime": "1121/001347", "correlationVector":"C9la4Mv/jeGKvoIHC1TDLc.3","action":"AAD.GetKeyResponse", "result":"Success", "context":Keys=2.LastKeyStatus=Normal. 2024-11-09 19:03:42 -06.State=None. Tags: Current_encryption_keys_tag = GAg/77+977+9be+/vSc2De+/vVLvv70GSu+/ve+/ve+/ve+/vQnvv70f77+9JzYOE++/vXzvv73vv73vv70=, Updated_current_encryption_keys_tag = Empty}
{"logTime": "1121/001347", "correlationVector":"C9la4Mv/jeGKvoIHC1TDLc","action":"Initial GetUpdates", "result":"", "context":Reason: NEW_CLIENT. cV=C9la4Mv/jeGKvoIHC1TDLc}
{"logTime": "1121/001347", "correlationVector":"C9la4Mv/jeGKvoIHC1TDLc.4","action":"GetUpdates Response", "result":"Success", "context":Received 1 update(s). cV=C9la4Mv/jeGKvoIHC1TDLc.0;server=GENERAL0100002B;cloudType=Multitenant;environment=Prod_EastUS2_000e;migrationStage=NotStarted}
{"logTime": "1121/001347", "correlationVector":"9YutC5UmBQbxsO4pO46S0n","action":"Initial GetUpdates", "result":"", "context":Reason: NEWLY_SUPPORTED_DATATYPE. cV=9YutC5UmBQbxsO4pO46S0n}
{"logTime": "1121/001348", "correlationVector":"9YutC5UmBQbxsO4pO46S0n.1","action":"SyncServerConnectionManagerRequest", "result":"SYNC_SERVER_OK", "context":{"environment":"Prod_EastUS2_000e", "migrationStage":"NotStarted", "server":"GENERAL0100002O"}}
{"logTime": "1121/001348", "correlationVector":"9YutC5UmBQbxsO4pO46S0n.2","action":"GetUpdates Response", "result":"Success", "context":Received 2 update(s). cV=9YutC5UmBQbxsO4pO46S0n.0;server=GENERAL0100002O;cloudType=Multitenant;environment=Prod_EastUS2_000e;migrationStage=NotStarted}
{"logTime": "1121/001348", "correlationVector":"pKxWnidEfcFN70IN3PMkIy","action":"Normal GetUpdate request", "result":"", "context":cV=pKxWnidEfcFN70IN3PMkIy
Nudged types: Sessions, Device Info
Refresh requested types: Bookmarks, Preferences, Passwords, Autofill Profiles, Autofill, Typed URLs, Extensions, Sessions, Extension settings, History Delete Directives, Device Info, User Consents, Send Tab To Self, Web Apps, Collection, Edge E Drop, Edge Hub App Usage, Edge Tab Group, Edge Wallet, Encryption Keys}
{"logTime": "1121/001349", "correlationVector":"pKxWnidEfcFN70IN3PMkIy.1","action":"SyncServerConnectionManagerRequest", "result":"SYNC_SERVER_OK", "context":{"environment":"Prod_EastUS2_000e", "migrationStage":"NotStarted", "server":"GENERAL0100001Y"}}
{"logTime": "1121/001349", "correlationVector":"pKxWnidEfcFN70IN3PMkIy.2","action":"GetUpdates Response", "result":"Success", "context":Received 3 update(s). cV=pKxWnidEfcFN70IN3PMkIy.0;server=GENERAL0100001Y;cloudType=Multitenant;environment=Prod_EastUS2_000e;migrationStage=NotStarted}
{"logTime": "1121/001349", "correlationVector":"JJAXo4bl9yDYU9eI5j/GNZ","action":"Commit Request", "result":"", "context":Item count: 5
Contributing types: Passwords, Sessions, Device Info}
{"logTime": "1121/001351", "correlationVector":"JJAXo4bl9yDYU9eI5j/GNZ.1","action":"SyncServerConnectionManagerRequest", "result":"SYNC_SERVER_OK", "context":{"environment":"Prod_EastUS2_000e", "migrationStage":"NotStarted", "server":"GENERAL01000001"}}
{"logTime": "1121/001351", "correlationVector":"JJAXo4bl9yDYU9eI5j/GNZ.3","action":"Commit.Sessions", "result":"Success", "context":{"id":"b7dfa812-7eb9-4563-9030-ecaacbe7f858", "isDeleted":"true", "size":"0", "version":"1732147506159"}}
{"logTime": "1121/001351", "correlationVector":"JJAXo4bl9yDYU9eI5j/GNZ.2","action":"Commit Response", "result":"Success", "context":Result: Success. cV=JJAXo4bl9yDYU9eI5j/GNZ.0;server=GENERAL01000001;cloudType=Multitenant;environment=Prod_EastUS2_000e;migrationStage=NotStarted}
{"logTime": "1121/001351", "correlationVector":"fku2M9pyRt4wo1YXtZa1k7","action":"Commit Request", "result":"", "context":Item count: 1
Contributing types: Sessions}
{"logTime": "1121/001351", "correlationVector":"fku2M9pyRt4wo1YXtZa1k7.1","action":"SyncServerConnectionManagerRequest", "result":"SYNC_SERVER_OK", "context":{"environment":"Prod_EastUS2_000e", "migrationStage":"NotStarted", "server":"GENERAL0100002B"}}
{"logTime": "1121/001351", "correlationVector":"fku2M9pyRt4wo1YXtZa1k7.2","action":"Commit Response", "result":"Success", "context":Result: Success. cV=fku2M9pyRt4wo1YXtZa1k7.0;server=GENERAL0100002B;cloudType=Multitenant;environment=Prod_EastUS2_000e;migrationStage=NotStarted}
{"logTime": "1121/001835", "correlationVector":"6bZuEFTSp1oURYkYUmPdID","action":"Normal GetUpdate request", "result":"", "context":cV=6bZuEFTSp1oURYkYUmPdID
Refresh requested types: Bookmarks, Preferences, Passwords, Autofill Profiles, Autofill, Typed URLs, Extensions, Sessions, Extension settings, History Delete Directives, Device Info, User Consents, Send Tab To Self, Web Apps, Collection, Edge E Drop, Edge Hub App Usage, Edge Tab Group, Edge Wallet, Encryption Keys}
{"logTime": "1121/001836", "correlationVector":"6bZuEFTSp1oURYkYUmPdID.1","action":"SyncServerConnectionManagerRequest", "result":"SYNC_SERVER_OK", "context":{"environment":"Prod_EastUS2_000e", "migrationStage":"NotStarted", "server":"GENERAL0100000V"}}
{"logTime": "1121/001836", "correlationVector":"6bZuEFTSp1oURYkYUmPdID.2","action":"GetUpdates", "result":"DeleteReceived", "context":{"id":"b7dfa812-7eb9-4563-9030-ecaacbe7f858", "isDeleted:":"true", "version":"1732148031139"}}
{"logTime": "1121/001836", "correlationVector":"6bZuEFTSp1oURYkYUmPdID.3","action":"GetUpdates Response", "result":"Success", "context":Received 5 update(s). cV=6bZuEFTSp1oURYkYUmPdID.0;server=GENERAL0100000V;cloudType=Multitenant;environment=Prod_EastUS2_000e;migrationStage=NotStarted}
